apiai-android-client/apiAISampleApp/build/outputs/logs/manifest-merger-debug-report.txt
-- Merging decision tree log ---
manifest
ADDED from src/main/AndroidManifest.xml:2:1-101:12
	package
		ADDED from src/main/AndroidManifest.xml:3:5-28
		INJECTED from src/main/AndroidManifest.xml
		INJECTED from src/main/AndroidManifest.xml
	android:versionName
		INJECTED from src/main/AndroidManifest.xml
		INJECTED from src/main/AndroidManifest.xml
	xmlns:android
		ADDED from src/main/AndroidManifest.xml:2:11-69
	android:versionCode
		INJECTED from src/main/AndroidManifest.xml
		INJECTED from src/main/AndroidManifest.xml
uses-permission#android.permission.INTERNET
ADDED from src/main/AndroidManifest.xml:5:5-67
	android:name
		ADDED from src/main/AndroidManifest.xml:5:22-64
uses-permission#android.permission.RECORD_AUDIO
ADDED from src/main/AndroidManifest.xml:6:5-71
	android:name
		ADDED from src/main/AndroidManifest.xml:6:22-68
uses-permission#android.permission.WRITE_EXTERNAL_STORAGE
ADDED from src/main/AndroidManifest.xml:7:5-81
	android:name
		ADDED from src/main/AndroidManifest.xml:7:22-78
uses-permission#android.permission.BLUETOOTH
ADDED from src/main/AndroidManifest.xml:8:5-68
	android:name
		ADDED from src/main/AndroidManifest.xml:8:22-65
uses-permission#android.permission.BROADCAST_STICKY
ADDED from src/main/AndroidManifest.xml:9:5-75
	android:name
		ADDED from src/main/AndroidManifest.xml:9:22-72
uses-permission#android.permission.MODIFY_AUDIO_SETTINGS
ADDED from src/main/AndroidManifest.xml:10:5-80
MERGED from [apiai-android-client:ailib:unspecified] AndroidManifest.xml:11:5-80
	android:name
		ADDED from src/main/AndroidManifest.xml:10:22-77
uses-permission#android.permission.READ_CALENDAR
ADDED from src/main/AndroidManifest.xml:11:5-13:23
	android:name
		ADDED from src/main/AndroidManifest.xml:12:9-56
uses-permission#android.permission.WRITE_CALENDAR
ADDED from src/main/AndroidManifest.xml:14:5-16:23
	android:name
		ADDED from src/main/AndroidManifest.xml:15:9-57
application
ADDED from src/main/AndroidManifest.xml:18:5-99:19
MERGED from [com.android.support:appcompat-v7:23.2.1] AndroidManifest.xml:25:5-20
MERGED from [com.android.support:support-v4:23.2.1] AndroidManifest.xml:22:5-20
MERGED from [com.android.support:animated-vector-drawable:23.2.1] AndroidManifest.xml:7:5-20
MERGED from [com.android.support:support-vector-drawable:23.2.1] AndroidManifest.xml:7:5-20
MERGED from [apiai-android-client:ailib:unspecified] AndroidManifest.xml:13:5-20
	android:label
		ADDED from src/main/AndroidManifest.xml:22:9-41
	android:allowBackup
		ADDED from src/main/AndroidManifest.xml:20:9-35
	android:icon
		ADDED from src/main/AndroidManifest.xml:21:9-45
	android:theme
		ADDED from src/main/AndroidManifest.xml:23:9-40
	android:name
		ADDED from src/main/AndroidManifest.xml:19:9-38
activity#ai.api.sample.MainActivity
ADDED from src/main/AndroidManifest.xml:24:9-35:20
	android:label
		ADDED from src/main/AndroidManifest.xml:26:13-45
	android:configChanges
		ADDED from src/main/AndroidManifest.xml:27:13-74
	android:name
		ADDED from src/main/AndroidManifest.xml:25:13-54
intent-filter#android.intent.action.MAIN+android.intent.category.LAUNCHER
ADDED from src/main/AndroidManifest.xml:30:13-34:29
action#android.intent.action.MAIN
ADDED from src/main/AndroidManifest.xml:31:17-69
	android:name
		ADDED from src/main/AndroidManifest.xml:31:25-66
category#android.intent.category.LAUNCHER
ADDED from src/main/AndroidManifest.xml:33:17-77
	android:name
		ADDED from src/main/AndroidManifest.xml:33:27-74
activity#ai.api.sample.AIButtonSampleActivity
ADDED from src/main/AndroidManifest.xml:37:9-44:20
	android:label
		ADDED from src/main/AndroidManifest.xml:39:13-67
	android:parentActivityName
		ADDED from src/main/AndroidManifest.xml:40:13-68
	android:name
		ADDED from src/main/AndroidManifest.xml:38:13-64
meta-data#android.support.PARENT_ACTIVITY
ADDED from src/main/AndroidManifest.xml:41:13-43:62
	android:value
		ADDED from src/main/AndroidManifest.xml:43:17-59
	android:name
		ADDED from src/main/AndroidManifest.xml:42:17-63
activity#ai.api.sample.AIServiceSampleActivity
ADDED from src/main/AndroidManifest.xml:46:9-53:20
	android:label
		ADDED from src/main/AndroidManifest.xml:48:13-68
	android:parentActivityName
		ADDED from src/main/AndroidManifest.xml:49:13-68
	android:name
		ADDED from src/main/AndroidManifest.xml:47:13-52
activity#ai.api.sample.AIDialogSampleActivity
ADDED from src/main/AndroidManifest.xml:55:9-62:20
	android:label
		ADDED from src/main/AndroidManifest.xml:57:13-67
	android:parentActivityName
		ADDED from src/main/AndroidManifest.xml:58:13-55
	android:name
		ADDED from src/main/AndroidManifest.xml:56:13-51
activity#ai.api.sample.AISettingsActivity
ADDED from src/main/AndroidManifest.xml:64:9-71:20
	android:label
		ADDED from src/main/AndroidManifest.xml:66:13-52
	android:parentActivityName
		ADDED from src/main/AndroidManifest.xml:67:13-55
	android:name
		ADDED from src/main/AndroidManifest.xml:65:13-47
activity#ai.api.sample.AIWidgetActivity
ADDED from src/main/AndroidManifest.xml:73:9-78:20
	android:label
		ADDED from src/main/AndroidManifest.xml:75:13-45
	android:theme
		ADDED from src/main/AndroidManifest.xml:76:13-63
	android:name
		ADDED from src/main/AndroidManifest.xml:74:13-45
activity#ai.api.sample.AITextSampleActivity
ADDED from src/main/AndroidManifest.xml:80:9-87:20
	android:label
		ADDED from src/main/AndroidManifest.xml:82:13-65
	android:parentActivityName
		ADDED from src/main/AndroidManifest.xml:83:13-68
	android:name
		ADDED from src/main/AndroidManifest.xml:81:13-49
receiver#ai.api.sample.AISampleAppWidget
ADDED from src/main/AndroidManifest.xml:89:9-97:20
	android:name
		ADDED from src/main/AndroidManifest.xml:89:19-52
intent-filter#android.appwidget.action.APPWIDGET_UPDATE
ADDED from src/main/AndroidManifest.xml:90:13-92:29
action#android.appwidget.action.APPWIDGET_UPDATE
ADDED from src/main/AndroidManifest.xml:91:17-84
	android:name
		ADDED from src/main/AndroidManifest.xml:91:25-81
meta-data#android.appwidget.provider
ADDED from src/main/AndroidManifest.xml:94:13-96:62
	android:resource
		ADDED from src/main/AndroidManifest.xml:96:17-59
	android:name
		ADDED from src/main/AndroidManifest.xml:95:17-58
uses-sdk
INJECTED from src/main/AndroidManifest.xml reason: use-sdk injection requested
MERGED from [com.android.support:appcompat-v7:23.2.1] AndroidManifest.xml:21:5-23:78
MERGED from [com.android.support:support-v4:23.2.1] AndroidManifest.xml:20:5-43
MERGED from [com.android.support:animated-vector-drawable:23.2.1] AndroidManifest.xml:5:5-44
MERGED from [com.android.support:support-vector-drawable:23.2.1] AndroidManifest.xml:5:5-43
MERGED from [apiai-android-client:ailib:unspecified] AndroidManifest.xml:7:5-9:41
	tools:overrideLibrary
		ADDED from [com.android.support:appcompat-v7:23.2.1] AndroidManifest.xml:23:9-75
	android:targetSdkVersion
		INJECTED from src/main/AndroidManifest.xml
		INJECTED from src/main/AndroidManifest.xml
	android:minSdkVersion
		INJECTED from src/main/AndroidManifest.xml
		INJECTED from src/main/AndroidManifest.xml